{"D:\\UTC\\SR10\\projet-sr10\\Rendu3et4\\app.js": {"path":"D:\\UTC\\SR10\\projet-sr10\\Rendu3et4\\app.js","statementMap":{"0":{"start":{"line":1,"column":18},"end":{"line":1,"column":40}},"1":{"start":{"line":2,"column":14},"end":{"line":2,"column":32}},"2":{"start":{"line":3,"column":11},"end":{"line":3,"column":26}},"3":{"start":{"line":4,"column":19},"end":{"line":4,"column":43}},"4":{"start":{"line":5,"column":13},"end":{"line":5,"column":30}},"5":{"start":{"line":6,"column":16},"end":{"line":6,"column":43}},"6":{"start":{"line":8,"column":18},"end":{"line":8,"column":43}},"7":{"start":{"line":9,"column":18},"end":{"line":9,"column":43}},"8":{"start":{"line":10,"column":21},"end":{"line":10,"column":50}},"9":{"start":{"line":11,"column":25},"end":{"line":11,"column":58}},"10":{"start":{"line":12,"column":21},"end":{"line":12,"column":50}},"11":{"start":{"line":13,"column":16},"end":{"line":13,"column":40}},"12":{"start":{"line":15,"column":10},"end":{"line":15,"column":19}},"13":{"start":{"line":18,"column":0},"end":{"line":18,"column":48}},"14":{"start":{"line":19,"column":0},"end":{"line":19,"column":30}},"15":{"start":{"line":21,"column":0},"end":{"line":21,"column":23}},"16":{"start":{"line":22,"column":0},"end":{"line":22,"column":24}},"17":{"start":{"line":23,"column":0},"end":{"line":23,"column":49}},"18":{"start":{"line":24,"column":0},"end":{"line":24,"column":24}},"19":{"start":{"line":25,"column":0},"end":{"line":25,"column":56}},"20":{"start":{"line":26,"column":0},"end":{"line":31,"column":4}},"21":{"start":{"line":33,"column":0},"end":{"line":33,"column":26}},"22":{"start":{"line":34,"column":0},"end":{"line":34,"column":31}},"23":{"start":{"line":35,"column":0},"end":{"line":35,"column":28}},"24":{"start":{"line":38,"column":0},"end":{"line":38,"column":37}},"25":{"start":{"line":39,"column":0},"end":{"line":39,"column":45}},"26":{"start":{"line":40,"column":0},"end":{"line":40,"column":37}},"27":{"start":{"line":43,"column":0},"end":{"line":45,"column":3}},"28":{"start":{"line":44,"column":2},"end":{"line":44,"column":25}},"29":{"start":{"line":48,"column":0},"end":{"line":56,"column":3}},"30":{"start":{"line":50,"column":2},"end":{"line":50,"column":35}},"31":{"start":{"line":51,"column":2},"end":{"line":51,"column":69}},"32":{"start":{"line":54,"column":2},"end":{"line":54,"column":32}},"33":{"start":{"line":55,"column":2},"end":{"line":55,"column":22}},"34":{"start":{"line":58,"column":0},"end":{"line":58,"column":21}}},"fnMap":{"0":{"name":"(anonymous_0)","decl":{"start":{"line":43,"column":8},"end":{"line":43,"column":9}},"loc":{"start":{"line":43,"column":33},"end":{"line":45,"column":1}},"line":43},"1":{"name":"(anonymous_1)","decl":{"start":{"line":48,"column":8},"end":{"line":48,"column":9}},"loc":{"start":{"line":48,"column":38},"end":{"line":56,"column":1}},"line":48}},"branchMap":{"0":{"loc":{"start":{"line":51,"column":21},"end":{"line":51,"column":68}},"type":"cond-expr","locations":[{"start":{"line":51,"column":60},"end":{"line":51,"column":63}},{"start":{"line":51,"column":66},"end":{"line":51,"column":68}}],"line":51},"1":{"loc":{"start":{"line":54,"column":13},"end":{"line":54,"column":30}},"type":"binary-expr","locations":[{"start":{"line":54,"column":13},"end":{"line":54,"column":23}},{"start":{"line":54,"column":27},"end":{"line":54,"column":30}}],"line":54}},"s":{"0":1,"1":1,"2":1,"3":1,"4":1,"5":1,"6":1,"7":1,"8":1,"9":1,"10":1,"11":1,"12":1,"13":1,"14":1,"15":1,"16":1,"17":1,"18":1,"19":1,"20":1,"21":1,"22":1,"23":1,"24":1,"25":1,"26":1,"27":1,"28":0,"29":1,"30":0,"31":0,"32":0,"33":0,"34":1},"f":{"0":0,"1":0},"b":{"0":[0,0],"1":[0,0]},"_coverageSchema":"1a1c01bbd47fc00a2c39e90264f33305004495a9","hash":"a5e928fc6a92acb90cbc78e4dd8b64518766f111"}
,"D:\\UTC\\SR10\\projet-sr10\\Rendu3et4\\model\\administrateur.js": {"path":"D:\\UTC\\SR10\\projet-sr10\\Rendu3et4\\model\\administrateur.js","statementMap":{"0":{"start":{"line":1,"column":9},"end":{"line":1,"column":27}},"1":{"start":{"line":3,"column":0},"end":{"line":18,"column":1}},"2":{"start":{"line":6,"column":12},"end":{"line":9,"column":15}},"3":{"start":{"line":7,"column":16},"end":{"line":7,"column":35}},"4":{"start":{"line":7,"column":25},"end":{"line":7,"column":35}},"5":{"start":{"line":8,"column":16},"end":{"line":8,"column":34}},"6":{"start":{"line":13,"column":12},"end":{"line":16,"column":15}},"7":{"start":{"line":14,"column":16},"end":{"line":14,"column":34}},"8":{"start":{"line":14,"column":24},"end":{"line":14,"column":34}},"9":{"start":{"line":15,"column":16},"end":{"line":15,"column":34}}},"fnMap":{"0":{"name":"(anonymous_0)","decl":{"start":{"line":5,"column":13},"end":{"line":5,"column":14}},"loc":{"start":{"line":5,"column":33},"end":{"line":10,"column":9}},"line":5},"1":{"name":"(anonymous_1)","decl":{"start":{"line":6,"column":49},"end":{"line":6,"column":50}},"loc":{"start":{"line":6,"column":73},"end":{"line":9,"column":13}},"line":6},"2":{"name":"(anonymous_2)","decl":{"start":{"line":12,"column":15},"end":{"line":12,"column":16}},"loc":{"start":{"line":12,"column":44},"end":{"line":17,"column":5}},"line":12},"3":{"name":"(anonymous_3)","decl":{"start":{"line":13,"column":90},"end":{"line":13,"column":91}},"loc":{"start":{"line":13,"column":111},"end":{"line":16,"column":13}},"line":13}},"branchMap":{"0":{"loc":{"start":{"line":7,"column":16},"end":{"line":7,"column":35}},"type":"if","locations":[{"start":{"line":7,"column":16},"end":{"line":7,"column":35}},{"start":{},"end":{}}],"line":7},"1":{"loc":{"start":{"line":14,"column":16},"end":{"line":14,"column":34}},"type":"if","locations":[{"start":{"line":14,"column":16},"end":{"line":14,"column":34}},{"start":{},"end":{}}],"line":14}},"s":{"0":1,"1":1,"2":1,"3":1,"4":0,"5":1,"6":1,"7":1,"8":0,"9":1},"f":{"0":1,"1":1,"2":1,"3":1},"b":{"0":[0,1],"1":[0,1]},"_coverageSchema":"1a1c01bbd47fc00a2c39e90264f33305004495a9","hash":"13601cd955bbd32c922cef4879eae016729e9d57"}
,"D:\\UTC\\SR10\\projet-sr10\\Rendu3et4\\model\\candidat.js": {"path":"D:\\UTC\\SR10\\projet-sr10\\Rendu3et4\\model\\candidat.js","statementMap":{"0":{"start":{"line":1,"column":9},"end":{"line":1,"column":27}},"1":{"start":{"line":3,"column":0},"end":{"line":41,"column":1}},"2":{"start":{"line":5,"column":12},"end":{"line":8,"column":15}},"3":{"start":{"line":6,"column":16},"end":{"line":6,"column":35}},"4":{"start":{"line":6,"column":25},"end":{"line":6,"column":35}},"5":{"start":{"line":7,"column":16},"end":{"line":7,"column":34}},"6":{"start":{"line":12,"column":12},"end":{"line":15,"column":15}},"7":{"start":{"line":13,"column":16},"end":{"line":13,"column":34}},"8":{"start":{"line":13,"column":24},"end":{"line":13,"column":34}},"9":{"start":{"line":14,"column":16},"end":{"line":14,"column":34}},"10":{"start":{"line":20,"column":8},"end":{"line":23,"column":11}},"11":{"start":{"line":21,"column":12},"end":{"line":21,"column":30}},"12":{"start":{"line":21,"column":20},"end":{"line":21,"column":30}},"13":{"start":{"line":22,"column":12},"end":{"line":22,"column":30}},"14":{"start":{"line":28,"column":8},"end":{"line":31,"column":11}},"15":{"start":{"line":29,"column":12},"end":{"line":29,"column":30}},"16":{"start":{"line":29,"column":20},"end":{"line":29,"column":30}},"17":{"start":{"line":30,"column":12},"end":{"line":30,"column":30}},"18":{"start":{"line":36,"column":8},"end":{"line":39,"column":11}},"19":{"start":{"line":37,"column":12},"end":{"line":37,"column":30}},"20":{"start":{"line":37,"column":20},"end":{"line":37,"column":30}},"21":{"start":{"line":38,"column":12},"end":{"line":38,"column":30}}},"fnMap":{"0":{"name":"(anonymous_0)","decl":{"start":{"line":4,"column":13},"end":{"line":4,"column":14}},"loc":{"start":{"line":4,"column":33},"end":{"line":9,"column":9}},"line":4},"1":{"name":"(anonymous_1)","decl":{"start":{"line":5,"column":44},"end":{"line":5,"column":45}},"loc":{"start":{"line":5,"column":68},"end":{"line":8,"column":13}},"line":5},"2":{"name":"(anonymous_2)","decl":{"start":{"line":11,"column":13},"end":{"line":11,"column":14}},"loc":{"start":{"line":11,"column":44},"end":{"line":16,"column":5}},"line":11},"3":{"name":"(anonymous_3)","decl":{"start":{"line":12,"column":87},"end":{"line":12,"column":88}},"loc":{"start":{"line":12,"column":108},"end":{"line":15,"column":13}},"line":12},"4":{"name":"(anonymous_4)","decl":{"start":{"line":19,"column":13},"end":{"line":19,"column":14}},"loc":{"start":{"line":19,"column":44},"end":{"line":24,"column":5}},"line":19},"5":{"name":"(anonymous_5)","decl":{"start":{"line":20,"column":113},"end":{"line":20,"column":114}},"loc":{"start":{"line":20,"column":134},"end":{"line":23,"column":9}},"line":20},"6":{"name":"(anonymous_6)","decl":{"start":{"line":27,"column":18},"end":{"line":27,"column":19}},"loc":{"start":{"line":27,"column":47},"end":{"line":32,"column":5}},"line":27},"7":{"name":"(anonymous_7)","decl":{"start":{"line":28,"column":96},"end":{"line":28,"column":97}},"loc":{"start":{"line":28,"column":117},"end":{"line":31,"column":9}},"line":28},"8":{"name":"(anonymous_8)","decl":{"start":{"line":35,"column":15},"end":{"line":35,"column":16}},"loc":{"start":{"line":35,"column":39},"end":{"line":40,"column":5}},"line":35},"9":{"name":"(anonymous_9)","decl":{"start":{"line":36,"column":70},"end":{"line":36,"column":71}},"loc":{"start":{"line":36,"column":91},"end":{"line":39,"column":9}},"line":36}},"branchMap":{"0":{"loc":{"start":{"line":6,"column":16},"end":{"line":6,"column":35}},"type":"if","locations":[{"start":{"line":6,"column":16},"end":{"line":6,"column":35}},{"start":{},"end":{}}],"line":6},"1":{"loc":{"start":{"line":13,"column":16},"end":{"line":13,"column":34}},"type":"if","locations":[{"start":{"line":13,"column":16},"end":{"line":13,"column":34}},{"start":{},"end":{}}],"line":13},"2":{"loc":{"start":{"line":21,"column":12},"end":{"line":21,"column":30}},"type":"if","locations":[{"start":{"line":21,"column":12},"end":{"line":21,"column":30}},{"start":{},"end":{}}],"line":21},"3":{"loc":{"start":{"line":29,"column":12},"end":{"line":29,"column":30}},"type":"if","locations":[{"start":{"line":29,"column":12},"end":{"line":29,"column":30}},{"start":{},"end":{}}],"line":29},"4":{"loc":{"start":{"line":37,"column":12},"end":{"line":37,"column":30}},"type":"if","locations":[{"start":{"line":37,"column":12},"end":{"line":37,"column":30}},{"start":{},"end":{}}],"line":37}},"s":{"0":1,"1":1,"2":1,"3":1,"4":0,"5":1,"6":1,"7":1,"8":0,"9":1,"10":1,"11":1,"12":0,"13":1,"14":0,"15":0,"16":0,"17":0,"18":0,"19":0,"20":0,"21":0},"f":{"0":1,"1":1,"2":1,"3":1,"4":1,"5":1,"6":0,"7":0,"8":0,"9":0},"b":{"0":[0,1],"1":[0,1],"2":[0,1],"3":[0,0],"4":[0,0]},"_coverageSchema":"1a1c01bbd47fc00a2c39e90264f33305004495a9","hash":"dac9e794b7eedcb569fa80852fc189ea94279a4c"}
,"D:\\UTC\\SR10\\projet-sr10\\Rendu3et4\\model\\db.js": {"path":"D:\\UTC\\SR10\\projet-sr10\\Rendu3et4\\model\\db.js","statementMap":{"0":{"start":{"line":2,"column":12},"end":{"line":2,"column":28}},"1":{"start":{"line":4,"column":11},"end":{"line":9,"column":2}},"2":{"start":{"line":11,"column":0},"end":{"line":11,"column":22}}},"fnMap":{},"branchMap":{},"s":{"0":2,"1":2,"2":2},"f":{},"b":{},"_coverageSchema":"1a1c01bbd47fc00a2c39e90264f33305004495a9","hash":"126d1fee9815ed924349529f17f6dc3942ec5953"}
,"D:\\UTC\\SR10\\projet-sr10\\Rendu3et4\\model\\offer.js": {"path":"D:\\UTC\\SR10\\projet-sr10\\Rendu3et4\\model\\offer.js","statementMap":{"0":{"start":{"line":1,"column":9},"end":{"line":1,"column":27}},"1":{"start":{"line":4,"column":4},"end":{"line":10,"column":7}},"2":{"start":{"line":5,"column":8},"end":{"line":9,"column":11}},"3":{"start":{"line":6,"column":12},"end":{"line":6,"column":30}},"4":{"start":{"line":6,"column":21},"end":{"line":6,"column":30}},"5":{"start":{"line":8,"column":12},"end":{"line":8,"column":22}},"6":{"start":{"line":14,"column":4},"end":{"line":19,"column":7}},"7":{"start":{"line":15,"column":8},"end":{"line":18,"column":11}},"8":{"start":{"line":16,"column":12},"end":{"line":16,"column":30}},"9":{"start":{"line":16,"column":21},"end":{"line":16,"column":30}},"10":{"start":{"line":17,"column":12},"end":{"line":17,"column":22}},"11":{"start":{"line":23,"column":12},"end":{"line":29,"column":5}},"12":{"start":{"line":31,"column":4},"end":{"line":36,"column":7}},"13":{"start":{"line":32,"column":8},"end":{"line":35,"column":11}},"14":{"start":{"line":33,"column":12},"end":{"line":33,"column":30}},"15":{"start":{"line":33,"column":21},"end":{"line":33,"column":30}},"16":{"start":{"line":34,"column":12},"end":{"line":34,"column":22}},"17":{"start":{"line":40,"column":13},"end":{"line":47,"column":5}},"18":{"start":{"line":49,"column":4},"end":{"line":54,"column":7}},"19":{"start":{"line":50,"column":8},"end":{"line":53,"column":11}},"20":{"start":{"line":51,"column":12},"end":{"line":51,"column":30}},"21":{"start":{"line":51,"column":21},"end":{"line":51,"column":30}},"22":{"start":{"line":52,"column":12},"end":{"line":52,"column":22}},"23":{"start":{"line":58,"column":14},"end":{"line":68,"column":5}},"24":{"start":{"line":70,"column":4},"end":{"line":75,"column":7}},"25":{"start":{"line":71,"column":8},"end":{"line":74,"column":11}},"26":{"start":{"line":72,"column":12},"end":{"line":72,"column":30}},"27":{"start":{"line":72,"column":21},"end":{"line":72,"column":30}},"28":{"start":{"line":73,"column":12},"end":{"line":73,"column":22}},"29":{"start":{"line":79,"column":4},"end":{"line":84,"column":7}},"30":{"start":{"line":80,"column":8},"end":{"line":83,"column":11}},"31":{"start":{"line":81,"column":12},"end":{"line":81,"column":30}},"32":{"start":{"line":81,"column":21},"end":{"line":81,"column":30}},"33":{"start":{"line":82,"column":12},"end":{"line":82,"column":22}},"34":{"start":{"line":88,"column":14},"end":{"line":98,"column":5}},"35":{"start":{"line":100,"column":4},"end":{"line":105,"column":7}},"36":{"start":{"line":101,"column":8},"end":{"line":104,"column":11}},"37":{"start":{"line":102,"column":12},"end":{"line":102,"column":30}},"38":{"start":{"line":102,"column":21},"end":{"line":102,"column":30}},"39":{"start":{"line":103,"column":12},"end":{"line":103,"column":22}},"40":{"start":{"line":109,"column":4},"end":{"line":114,"column":7}},"41":{"start":{"line":110,"column":8},"end":{"line":113,"column":11}},"42":{"start":{"line":111,"column":12},"end":{"line":111,"column":30}},"43":{"start":{"line":111,"column":21},"end":{"line":111,"column":30}},"44":{"start":{"line":112,"column":12},"end":{"line":112,"column":22}},"45":{"start":{"line":117,"column":0},"end":{"line":120,"column":1}}},"fnMap":{"0":{"name":"read","decl":{"start":{"line":3,"column":9},"end":{"line":3,"column":13}},"loc":{"start":{"line":3,"column":22},"end":{"line":11,"column":1}},"line":3},"1":{"name":"(anonymous_1)","decl":{"start":{"line":4,"column":23},"end":{"line":4,"column":24}},"loc":{"start":{"line":4,"column":37},"end":{"line":10,"column":5}},"line":4},"2":{"name":"(anonymous_2)","decl":{"start":{"line":5,"column":63},"end":{"line":5,"column":64}},"loc":{"start":{"line":5,"column":78},"end":{"line":9,"column":9}},"line":5},"3":{"name":"readAll","decl":{"start":{"line":13,"column":9},"end":{"line":13,"column":16}},"loc":{"start":{"line":13,"column":19},"end":{"line":20,"column":1}},"line":13},"4":{"name":"(anonymous_4)","decl":{"start":{"line":14,"column":23},"end":{"line":14,"column":24}},"loc":{"start":{"line":14,"column":37},"end":{"line":19,"column":5}},"line":14},"5":{"name":"(anonymous_5)","decl":{"start":{"line":15,"column":40},"end":{"line":15,"column":41}},"loc":{"start":{"line":15,"column":55},"end":{"line":18,"column":9}},"line":15},"6":{"name":"readAllWithSearch","decl":{"start":{"line":22,"column":9},"end":{"line":22,"column":26}},"loc":{"start":{"line":22,"column":54},"end":{"line":37,"column":1}},"line":22},"7":{"name":"(anonymous_7)","decl":{"start":{"line":31,"column":23},"end":{"line":31,"column":24}},"loc":{"start":{"line":31,"column":37},"end":{"line":36,"column":5}},"line":31},"8":{"name":"(anonymous_8)","decl":{"start":{"line":32,"column":32},"end":{"line":32,"column":33}},"loc":{"start":{"line":32,"column":47},"end":{"line":35,"column":9}},"line":32},"9":{"name":"readAllFromOrganisationWithSearch","decl":{"start":{"line":39,"column":9},"end":{"line":39,"column":42}},"loc":{"start":{"line":39,"column":82},"end":{"line":55,"column":1}},"line":39},"10":{"name":"(anonymous_10)","decl":{"start":{"line":49,"column":23},"end":{"line":49,"column":24}},"loc":{"start":{"line":49,"column":37},"end":{"line":54,"column":5}},"line":49},"11":{"name":"(anonymous_11)","decl":{"start":{"line":50,"column":44},"end":{"line":50,"column":45}},"loc":{"start":{"line":50,"column":59},"end":{"line":53,"column":9}},"line":50},"12":{"name":"createOffer","decl":{"start":{"line":57,"column":9},"end":{"line":57,"column":20}},"loc":{"start":{"line":57,"column":92},"end":{"line":76,"column":1}},"line":57},"13":{"name":"(anonymous_13)","decl":{"start":{"line":70,"column":23},"end":{"line":70,"column":24}},"loc":{"start":{"line":70,"column":37},"end":{"line":75,"column":5}},"line":70},"14":{"name":"(anonymous_14)","decl":{"start":{"line":71,"column":95},"end":{"line":71,"column":96}},"loc":{"start":{"line":71,"column":110},"end":{"line":74,"column":9}},"line":71},"15":{"name":"setOfferState","decl":{"start":{"line":78,"column":9},"end":{"line":78,"column":22}},"loc":{"start":{"line":78,"column":38},"end":{"line":85,"column":1}},"line":78},"16":{"name":"(anonymous_16)","decl":{"start":{"line":79,"column":23},"end":{"line":79,"column":24}},"loc":{"start":{"line":79,"column":37},"end":{"line":84,"column":5}},"line":79},"17":{"name":"(anonymous_17)","decl":{"start":{"line":80,"column":76},"end":{"line":80,"column":77}},"loc":{"start":{"line":80,"column":91},"end":{"line":83,"column":9}},"line":80},"18":{"name":"editOffer","decl":{"start":{"line":87,"column":9},"end":{"line":87,"column":18}},"loc":{"start":{"line":87,"column":90},"end":{"line":106,"column":1}},"line":87},"19":{"name":"(anonymous_19)","decl":{"start":{"line":100,"column":23},"end":{"line":100,"column":24}},"loc":{"start":{"line":100,"column":37},"end":{"line":105,"column":5}},"line":100},"20":{"name":"(anonymous_20)","decl":{"start":{"line":101,"column":103},"end":{"line":101,"column":104}},"loc":{"start":{"line":101,"column":118},"end":{"line":104,"column":9}},"line":101},"21":{"name":"deleteOffer","decl":{"start":{"line":108,"column":9},"end":{"line":108,"column":20}},"loc":{"start":{"line":108,"column":29},"end":{"line":115,"column":1}},"line":108},"22":{"name":"(anonymous_22)","decl":{"start":{"line":109,"column":23},"end":{"line":109,"column":24}},"loc":{"start":{"line":109,"column":37},"end":{"line":114,"column":5}},"line":109},"23":{"name":"(anonymous_23)","decl":{"start":{"line":110,"column":63},"end":{"line":110,"column":64}},"loc":{"start":{"line":110,"column":78},"end":{"line":113,"column":9}},"line":110}},"branchMap":{"0":{"loc":{"start":{"line":6,"column":12},"end":{"line":6,"column":30}},"type":"if","locations":[{"start":{"line":6,"column":12},"end":{"line":6,"column":30}},{"start":{},"end":{}}],"line":6},"1":{"loc":{"start":{"line":16,"column":12},"end":{"line":16,"column":30}},"type":"if","locations":[{"start":{"line":16,"column":12},"end":{"line":16,"column":30}},{"start":{},"end":{}}],"line":16},"2":{"loc":{"start":{"line":33,"column":12},"end":{"line":33,"column":30}},"type":"if","locations":[{"start":{"line":33,"column":12},"end":{"line":33,"column":30}},{"start":{},"end":{}}],"line":33},"3":{"loc":{"start":{"line":51,"column":12},"end":{"line":51,"column":30}},"type":"if","locations":[{"start":{"line":51,"column":12},"end":{"line":51,"column":30}},{"start":{},"end":{}}],"line":51},"4":{"loc":{"start":{"line":72,"column":12},"end":{"line":72,"column":30}},"type":"if","locations":[{"start":{"line":72,"column":12},"end":{"line":72,"column":30}},{"start":{},"end":{}}],"line":72},"5":{"loc":{"start":{"line":81,"column":12},"end":{"line":81,"column":30}},"type":"if","locations":[{"start":{"line":81,"column":12},"end":{"line":81,"column":30}},{"start":{},"end":{}}],"line":81},"6":{"loc":{"start":{"line":102,"column":12},"end":{"line":102,"column":30}},"type":"if","locations":[{"start":{"line":102,"column":12},"end":{"line":102,"column":30}},{"start":{},"end":{}}],"line":102},"7":{"loc":{"start":{"line":111,"column":12},"end":{"line":111,"column":30}},"type":"if","locations":[{"start":{"line":111,"column":12},"end":{"line":111,"column":30}},{"start":{},"end":{}}],"line":111}},"s":{"0":1,"1":1,"2":1,"3":1,"4":0,"5":1,"6":0,"7":0,"8":0,"9":0,"10":0,"11":0,"12":0,"13":0,"14":0,"15":0,"16":0,"17":0,"18":0,"19":0,"20":0,"21":0,"22":0,"23":0,"24":0,"25":0,"26":0,"27":0,"28":0,"29":0,"30":0,"31":0,"32":0,"33":0,"34":0,"35":0,"36":0,"37":0,"38":0,"39":0,"40":0,"41":0,"42":0,"43":0,"44":0,"45":1},"f":{"0":1,"1":1,"2":1,"3":0,"4":0,"5":0,"6":0,"7":0,"8":0,"9":0,"10":0,"11":0,"12":0,"13":0,"14":0,"15":0,"16":0,"17":0,"18":0,"19":0,"20":0,"21":0,"22":0,"23":0},"b":{"0":[0,1],"1":[0,0],"2":[0,0],"3":[0,0],"4":[0,0],"5":[0,0],"6":[0,0],"7":[0,0]},"_coverageSchema":"1a1c01bbd47fc00a2c39e90264f33305004495a9","hash":"6eb5a6e47995e4d66d449b09a1a122ba7a663f5e"}
,"D:\\UTC\\SR10\\projet-sr10\\Rendu3et4\\model\\postFile.js": {"path":"D:\\UTC\\SR10\\projet-sr10\\Rendu3et4\\model\\postFile.js","statementMap":{"0":{"start":{"line":1,"column":9},"end":{"line":1,"column":27}},"1":{"start":{"line":4,"column":4},"end":{"line":10,"column":7}},"2":{"start":{"line":5,"column":8},"end":{"line":9,"column":11}},"3":{"start":{"line":6,"column":12},"end":{"line":6,"column":37}},"4":{"start":{"line":6,"column":21},"end":{"line":6,"column":37}},"5":{"start":{"line":8,"column":12},"end":{"line":8,"column":22}},"6":{"start":{"line":14,"column":14},"end":{"line":18,"column":5}},"7":{"start":{"line":20,"column":4},"end":{"line":25,"column":7}},"8":{"start":{"line":21,"column":8},"end":{"line":24,"column":11}},"9":{"start":{"line":22,"column":12},"end":{"line":22,"column":37}},"10":{"start":{"line":22,"column":21},"end":{"line":22,"column":37}},"11":{"start":{"line":23,"column":12},"end":{"line":23,"column":22}},"12":{"start":{"line":29,"column":4},"end":{"line":34,"column":7}},"13":{"start":{"line":30,"column":8},"end":{"line":33,"column":11}},"14":{"start":{"line":31,"column":12},"end":{"line":31,"column":37}},"15":{"start":{"line":31,"column":21},"end":{"line":31,"column":37}},"16":{"start":{"line":32,"column":12},"end":{"line":32,"column":22}},"17":{"start":{"line":37,"column":0},"end":{"line":39,"column":1}}},"fnMap":{"0":{"name":"read","decl":{"start":{"line":3,"column":9},"end":{"line":3,"column":13}},"loc":{"start":{"line":3,"column":22},"end":{"line":11,"column":1}},"line":3},"1":{"name":"(anonymous_1)","decl":{"start":{"line":4,"column":23},"end":{"line":4,"column":24}},"loc":{"start":{"line":4,"column":37},"end":{"line":10,"column":5}},"line":4},"2":{"name":"(anonymous_2)","decl":{"start":{"line":5,"column":74},"end":{"line":5,"column":75}},"loc":{"start":{"line":5,"column":89},"end":{"line":9,"column":9}},"line":5},"3":{"name":"createPostFile","decl":{"start":{"line":13,"column":9},"end":{"line":13,"column":23}},"loc":{"start":{"line":13,"column":119},"end":{"line":26,"column":1}},"line":13},"4":{"name":"(anonymous_4)","decl":{"start":{"line":20,"column":23},"end":{"line":20,"column":24}},"loc":{"start":{"line":20,"column":37},"end":{"line":25,"column":5}},"line":20},"5":{"name":"(anonymous_5)","decl":{"start":{"line":21,"column":119},"end":{"line":21,"column":120}},"loc":{"start":{"line":21,"column":134},"end":{"line":24,"column":9}},"line":21},"6":{"name":"deletePostFile","decl":{"start":{"line":28,"column":9},"end":{"line":28,"column":23}},"loc":{"start":{"line":28,"column":32},"end":{"line":35,"column":1}},"line":28},"7":{"name":"(anonymous_7)","decl":{"start":{"line":29,"column":23},"end":{"line":29,"column":24}},"loc":{"start":{"line":29,"column":37},"end":{"line":34,"column":5}},"line":29},"8":{"name":"(anonymous_8)","decl":{"start":{"line":30,"column":72},"end":{"line":30,"column":73}},"loc":{"start":{"line":30,"column":87},"end":{"line":33,"column":9}},"line":30}},"branchMap":{"0":{"loc":{"start":{"line":6,"column":12},"end":{"line":6,"column":37}},"type":"if","locations":[{"start":{"line":6,"column":12},"end":{"line":6,"column":37}},{"start":{},"end":{}}],"line":6},"1":{"loc":{"start":{"line":22,"column":12},"end":{"line":22,"column":37}},"type":"if","locations":[{"start":{"line":22,"column":12},"end":{"line":22,"column":37}},{"start":{},"end":{}}],"line":22},"2":{"loc":{"start":{"line":31,"column":12},"end":{"line":31,"column":37}},"type":"if","locations":[{"start":{"line":31,"column":12},"end":{"line":31,"column":37}},{"start":{},"end":{}}],"line":31}},"s":{"0":1,"1":1,"2":1,"3":1,"4":0,"5":1,"6":0,"7":0,"8":0,"9":0,"10":0,"11":0,"12":0,"13":0,"14":0,"15":0,"16":0,"17":1},"f":{"0":1,"1":1,"2":1,"3":0,"4":0,"5":0,"6":0,"7":0,"8":0},"b":{"0":[0,1],"1":[0,0],"2":[0,0]},"_coverageSchema":"1a1c01bbd47fc00a2c39e90264f33305004495a9","hash":"67413558ca11d9733ada4f2b9b45809608256b67"}
,"D:\\UTC\\SR10\\projet-sr10\\Rendu3et4\\model\\proposal.js": {"path":"D:\\UTC\\SR10\\projet-sr10\\Rendu3et4\\model\\proposal.js","statementMap":{"0":{"start":{"line":1,"column":9},"end":{"line":1,"column":27}},"1":{"start":{"line":4,"column":4},"end":{"line":10,"column":7}},"2":{"start":{"line":5,"column":8},"end":{"line":9,"column":11}},"3":{"start":{"line":6,"column":12},"end":{"line":6,"column":37}},"4":{"start":{"line":6,"column":21},"end":{"line":6,"column":37}},"5":{"start":{"line":7,"column":12},"end":{"line":7,"column":69}},"6":{"start":{"line":7,"column":35},"end":{"line":7,"column":69}},"7":{"start":{"line":8,"column":12},"end":{"line":8,"column":25}},"8":{"start":{"line":15,"column":14},"end":{"line":15,"column":116}},"9":{"start":{"line":17,"column":4},"end":{"line":22,"column":7}},"10":{"start":{"line":18,"column":8},"end":{"line":21,"column":11}},"11":{"start":{"line":19,"column":12},"end":{"line":19,"column":37}},"12":{"start":{"line":19,"column":21},"end":{"line":19,"column":37}},"13":{"start":{"line":20,"column":12},"end":{"line":20,"column":22}},"14":{"start":{"line":26,"column":4},"end":{"line":31,"column":7}},"15":{"start":{"line":27,"column":8},"end":{"line":30,"column":10}},"16":{"start":{"line":28,"column":12},"end":{"line":28,"column":37}},"17":{"start":{"line":28,"column":21},"end":{"line":28,"column":37}},"18":{"start":{"line":29,"column":12},"end":{"line":29,"column":22}},"19":{"start":{"line":34,"column":0},"end":{"line":34,"column":57}}},"fnMap":{"0":{"name":"read","decl":{"start":{"line":3,"column":9},"end":{"line":3,"column":13}},"loc":{"start":{"line":3,"column":38},"end":{"line":11,"column":1}},"line":3},"1":{"name":"(anonymous_1)","decl":{"start":{"line":4,"column":23},"end":{"line":4,"column":24}},"loc":{"start":{"line":4,"column":37},"end":{"line":10,"column":5}},"line":4},"2":{"name":"(anonymous_2)","decl":{"start":{"line":5,"column":107},"end":{"line":5,"column":108}},"loc":{"start":{"line":5,"column":122},"end":{"line":9,"column":9}},"line":5},"3":{"name":"createProposal","decl":{"start":{"line":14,"column":9},"end":{"line":14,"column":23}},"loc":{"start":{"line":14,"column":83},"end":{"line":23,"column":1}},"line":14},"4":{"name":"(anonymous_4)","decl":{"start":{"line":17,"column":23},"end":{"line":17,"column":24}},"loc":{"start":{"line":17,"column":37},"end":{"line":22,"column":5}},"line":17},"5":{"name":"(anonymous_5)","decl":{"start":{"line":18,"column":83},"end":{"line":18,"column":84}},"loc":{"start":{"line":18,"column":98},"end":{"line":21,"column":9}},"line":18},"6":{"name":"deleteProposal","decl":{"start":{"line":25,"column":9},"end":{"line":25,"column":23}},"loc":{"start":{"line":25,"column":48},"end":{"line":32,"column":1}},"line":25},"7":{"name":"(anonymous_7)","decl":{"start":{"line":26,"column":23},"end":{"line":26,"column":24}},"loc":{"start":{"line":26,"column":37},"end":{"line":31,"column":5}},"line":26},"8":{"name":"(anonymous_8)","decl":{"start":{"line":27,"column":105},"end":{"line":27,"column":106}},"loc":{"start":{"line":27,"column":120},"end":{"line":30,"column":9}},"line":27}},"branchMap":{"0":{"loc":{"start":{"line":6,"column":12},"end":{"line":6,"column":37}},"type":"if","locations":[{"start":{"line":6,"column":12},"end":{"line":6,"column":37}},{"start":{},"end":{}}],"line":6},"1":{"loc":{"start":{"line":7,"column":12},"end":{"line":7,"column":69}},"type":"if","locations":[{"start":{"line":7,"column":12},"end":{"line":7,"column":69}},{"start":{},"end":{}}],"line":7},"2":{"loc":{"start":{"line":19,"column":12},"end":{"line":19,"column":37}},"type":"if","locations":[{"start":{"line":19,"column":12},"end":{"line":19,"column":37}},{"start":{},"end":{}}],"line":19},"3":{"loc":{"start":{"line":28,"column":12},"end":{"line":28,"column":37}},"type":"if","locations":[{"start":{"line":28,"column":12},"end":{"line":28,"column":37}},{"start":{},"end":{}}],"line":28}},"s":{"0":1,"1":0,"2":0,"3":0,"4":0,"5":0,"6":0,"7":0,"8":0,"9":0,"10":0,"11":0,"12":0,"13":0,"14":0,"15":0,"16":0,"17":0,"18":0,"19":1},"f":{"0":0,"1":0,"2":0,"3":0,"4":0,"5":0,"6":0,"7":0,"8":0},"b":{"0":[0,0],"1":[0,0],"2":[0,0],"3":[0,0]},"_coverageSchema":"1a1c01bbd47fc00a2c39e90264f33305004495a9","hash":"e14dc3930d504553ba31bbdc0560c0bf2a2fffe5"}
,"D:\\UTC\\SR10\\projet-sr10\\Rendu3et4\\model\\utilisateur.js": {"path":"D:\\UTC\\SR10\\projet-sr10\\Rendu3et4\\model\\utilisateur.js","statementMap":{"0":{"start":{"line":1,"column":9},"end":{"line":1,"column":27}},"1":{"start":{"line":3,"column":0},"end":{"line":44,"column":2}},"2":{"start":{"line":6,"column":8},"end":{"line":9,"column":11}},"3":{"start":{"line":7,"column":12},"end":{"line":7,"column":42}},"4":{"start":{"line":7,"column":21},"end":{"line":7,"column":42}},"5":{"start":{"line":8,"column":12},"end":{"line":8,"column":36}},"6":{"start":{"line":13,"column":8},"end":{"line":16,"column":11}},"7":{"start":{"line":14,"column":12},"end":{"line":14,"column":48}},"8":{"start":{"line":14,"column":21},"end":{"line":14,"column":48}},"9":{"start":{"line":15,"column":12},"end":{"line":15,"column":36}},"10":{"start":{"line":20,"column":2},"end":{"line":33,"column":5}},"11":{"start":{"line":21,"column":3},"end":{"line":24,"column":4}},"12":{"start":{"line":23,"column":4},"end":{"line":23,"column":31}},"13":{"start":{"line":26,"column":3},"end":{"line":32,"column":4}},"14":{"start":{"line":28,"column":4},"end":{"line":28,"column":25}},"15":{"start":{"line":31,"column":4},"end":{"line":31,"column":26}},"16":{"start":{"line":37,"column":8},"end":{"line":42,"column":15}},"17":{"start":{"line":40,"column":16},"end":{"line":40,"column":46}},"18":{"start":{"line":40,"column":25},"end":{"line":40,"column":46}},"19":{"start":{"line":41,"column":4},"end":{"line":41,"column":28}}},"fnMap":{"0":{"name":"(anonymous_0)","decl":{"start":{"line":5,"column":10},"end":{"line":5,"column":11}},"loc":{"start":{"line":5,"column":35},"end":{"line":10,"column":5}},"line":5},"1":{"name":"(anonymous_1)","decl":{"start":{"line":6,"column":66},"end":{"line":6,"column":67}},"loc":{"start":{"line":6,"column":90},"end":{"line":9,"column":9}},"line":6},"2":{"name":"(anonymous_2)","decl":{"start":{"line":12,"column":13},"end":{"line":12,"column":14}},"loc":{"start":{"line":12,"column":33},"end":{"line":17,"column":5}},"line":12},"3":{"name":"(anonymous_3)","decl":{"start":{"line":13,"column":46},"end":{"line":13,"column":47}},"loc":{"start":{"line":13,"column":70},"end":{"line":16,"column":9}},"line":13},"4":{"name":"(anonymous_4)","decl":{"start":{"line":19,"column":14},"end":{"line":19,"column":15}},"loc":{"start":{"line":19,"column":48},"end":{"line":34,"column":2}},"line":19},"5":{"name":"(anonymous_5)","decl":{"start":{"line":20,"column":61},"end":{"line":20,"column":62}},"loc":{"start":{"line":20,"column":85},"end":{"line":33,"column":3}},"line":20},"6":{"name":"(anonymous_6)","decl":{"start":{"line":36,"column":12},"end":{"line":36,"column":13}},"loc":{"start":{"line":36,"column":69},"end":{"line":43,"column":5}},"line":36},"7":{"name":"(anonymous_7)","decl":{"start":{"line":39,"column":12},"end":{"line":39,"column":13}},"loc":{"start":{"line":39,"column":36},"end":{"line":42,"column":13}},"line":39}},"branchMap":{"0":{"loc":{"start":{"line":7,"column":12},"end":{"line":7,"column":42}},"type":"if","locations":[{"start":{"line":7,"column":12},"end":{"line":7,"column":42}},{"start":{},"end":{}}],"line":7},"1":{"loc":{"start":{"line":14,"column":12},"end":{"line":14,"column":48}},"type":"if","locations":[{"start":{"line":14,"column":12},"end":{"line":14,"column":48}},{"start":{},"end":{}}],"line":14},"2":{"loc":{"start":{"line":21,"column":3},"end":{"line":24,"column":4}},"type":"if","locations":[{"start":{"line":21,"column":3},"end":{"line":24,"column":4}},{"start":{},"end":{}}],"line":21},"3":{"loc":{"start":{"line":26,"column":3},"end":{"line":32,"column":4}},"type":"if","locations":[{"start":{"line":26,"column":3},"end":{"line":32,"column":4}},{"start":{"line":29,"column":10},"end":{"line":32,"column":4}}],"line":26},"4":{"loc":{"start":{"line":26,"column":7},"end":{"line":26,"column":58}},"type":"binary-expr","locations":[{"start":{"line":26,"column":7},"end":{"line":26,"column":27}},{"start":{"line":26,"column":31},"end":{"line":26,"column":58}}],"line":26},"5":{"loc":{"start":{"line":40,"column":16},"end":{"line":40,"column":46}},"type":"if","locations":[{"start":{"line":40,"column":16},"end":{"line":40,"column":46}},{"start":{},"end":{}}],"line":40}},"s":{"0":2,"1":2,"2":4,"3":2,"4":0,"5":2,"6":4,"7":4,"8":1,"9":3,"10":3,"11":3,"12":1,"13":2,"14":1,"15":1,"16":1,"17":1,"18":1,"19":0},"f":{"0":4,"1":2,"2":4,"3":4,"4":3,"5":3,"6":1,"7":1},"b":{"0":[0,2],"1":[1,3],"2":[1,2],"3":[1,1],"4":[2,2],"5":[1,0]},"_coverageSchema":"1a1c01bbd47fc00a2c39e90264f33305004495a9","hash":"f5697ecf03510b89a9a80630f61209ebe3659268"}
,"D:\\UTC\\SR10\\projet-sr10\\Rendu3et4\\routes\\administrator.js": {"path":"D:\\UTC\\SR10\\projet-sr10\\Rendu3et4\\routes\\administrator.js","statementMap":{"0":{"start":{"line":1,"column":16},"end":{"line":1,"column":34}},"1":{"start":{"line":2,"column":15},"end":{"line":2,"column":31}},"2":{"start":{"line":3,"column":18},"end":{"line":3,"column":52}},"3":{"start":{"line":6,"column":0},"end":{"line":18,"column":3}},"4":{"start":{"line":7,"column":2},"end":{"line":17,"column":3}},"5":{"start":{"line":8,"column":20},"end":{"line":10,"column":5}},"6":{"start":{"line":9,"column":6},"end":{"line":9,"column":32}},"7":{"start":{"line":11,"column":4},"end":{"line":14,"column":7}},"8":{"start":{"line":16,"column":4},"end":{"line":16,"column":14}},"9":{"start":{"line":21,"column":0},"end":{"line":37,"column":5}},"10":{"start":{"line":22,"column":26},"end":{"line":22,"column":41}},"11":{"start":{"line":23,"column":25},"end":{"line":23,"column":40}},"12":{"start":{"line":24,"column":4},"end":{"line":36,"column":5}},"13":{"start":{"line":25,"column":24},"end":{"line":27,"column":7}},"14":{"start":{"line":26,"column":8},"end":{"line":26,"column":66}},"15":{"start":{"line":28,"column":6},"end":{"line":33,"column":9}},"16":{"start":{"line":35,"column":6},"end":{"line":35,"column":16}},"17":{"start":{"line":39,"column":2},"end":{"line":39,"column":26}}},"fnMap":{"0":{"name":"(anonymous_0)","decl":{"start":{"line":6,"column":37},"end":{"line":6,"column":38}},"loc":{"start":{"line":6,"column":69},"end":{"line":18,"column":1}},"line":6},"1":{"name":"(anonymous_1)","decl":{"start":{"line":8,"column":38},"end":{"line":8,"column":39}},"loc":{"start":{"line":9,"column":6},"end":{"line":9,"column":32}},"line":9},"2":{"name":"(anonymous_2)","decl":{"start":{"line":21,"column":49},"end":{"line":21,"column":50}},"loc":{"start":{"line":21,"column":81},"end":{"line":37,"column":3}},"line":21},"3":{"name":"(anonymous_3)","decl":{"start":{"line":25,"column":42},"end":{"line":25,"column":43}},"loc":{"start":{"line":26,"column":8},"end":{"line":26,"column":66}},"line":26}},"branchMap":{},"s":{"0":1,"1":1,"2":1,"3":1,"4":1,"5":1,"6":1,"7":1,"8":0,"9":1,"10":1,"11":1,"12":1,"13":1,"14":1,"15":1,"16":0,"17":1},"f":{"0":1,"1":1,"2":1,"3":1},"b":{},"_coverageSchema":"1a1c01bbd47fc00a2c39e90264f33305004495a9","hash":"92fa066f47c1b0fb4c5a4574911d104117dca644"}
,"D:\\UTC\\SR10\\projet-sr10\\Rendu3et4\\routes\\auth.js": {"path":"D:\\UTC\\SR10\\projet-sr10\\Rendu3et4\\routes\\auth.js","statementMap":{"0":{"start":{"line":1,"column":16},"end":{"line":1,"column":34}},"1":{"start":{"line":2,"column":15},"end":{"line":2,"column":31}},"2":{"start":{"line":5,"column":0},"end":{"line":16,"column":3}},"3":{"start":{"line":7,"column":2},"end":{"line":15,"column":3}},"4":{"start":{"line":9,"column":3},"end":{"line":9,"column":40}},"5":{"start":{"line":11,"column":3},"end":{"line":11,"column":30}},"6":{"start":{"line":12,"column":3},"end":{"line":12,"column":42}},"7":{"start":{"line":14,"column":2},"end":{"line":14,"column":60}},"8":{"start":{"line":18,"column":0},"end":{"line":26,"column":3}},"9":{"start":{"line":19,"column":1},"end":{"line":25,"column":4}},"10":{"start":{"line":20,"column":2},"end":{"line":24,"column":3}},"11":{"start":{"line":21,"column":3},"end":{"line":21,"column":20}},"12":{"start":{"line":23,"column":3},"end":{"line":23,"column":31}},"13":{"start":{"line":28,"column":0},"end":{"line":34,"column":3}},"14":{"start":{"line":29,"column":1},"end":{"line":33,"column":2}},"15":{"start":{"line":30,"column":2},"end":{"line":30,"column":68}},"16":{"start":{"line":32,"column":2},"end":{"line":32,"column":30}},"17":{"start":{"line":36,"column":0},"end":{"line":36,"column":24}}},"fnMap":{"0":{"name":"(anonymous_0)","decl":{"start":{"line":5,"column":22},"end":{"line":5,"column":23}},"loc":{"start":{"line":5,"column":36},"end":{"line":16,"column":1}},"line":5},"1":{"name":"(anonymous_1)","decl":{"start":{"line":18,"column":22},"end":{"line":18,"column":23}},"loc":{"start":{"line":18,"column":36},"end":{"line":26,"column":1}},"line":18},"2":{"name":"(anonymous_2)","decl":{"start":{"line":19,"column":21},"end":{"line":19,"column":22}},"loc":{"start":{"line":19,"column":30},"end":{"line":25,"column":2}},"line":19},"3":{"name":"(anonymous_3)","decl":{"start":{"line":28,"column":22},"end":{"line":28,"column":23}},"loc":{"start":{"line":28,"column":36},"end":{"line":34,"column":1}},"line":28}},"branchMap":{"0":{"loc":{"start":{"line":7,"column":2},"end":{"line":15,"column":3}},"type":"if","locations":[{"start":{"line":7,"column":2},"end":{"line":15,"column":3}},{"start":{"line":13,"column":9},"end":{"line":15,"column":3}}],"line":7},"1":{"loc":{"start":{"line":7,"column":6},"end":{"line":7,"column":63}},"type":"binary-expr","locations":[{"start":{"line":7,"column":6},"end":{"line":7,"column":34}},{"start":{"line":7,"column":38},"end":{"line":7,"column":63}}],"line":7},"2":{"loc":{"start":{"line":20,"column":2},"end":{"line":24,"column":3}},"type":"if","locations":[{"start":{"line":20,"column":2},"end":{"line":24,"column":3}},{"start":{"line":22,"column":9},"end":{"line":24,"column":3}}],"line":20},"3":{"loc":{"start":{"line":29,"column":1},"end":{"line":33,"column":2}},"type":"if","locations":[{"start":{"line":29,"column":1},"end":{"line":33,"column":2}},{"start":{"line":31,"column":8},"end":{"line":33,"column":2}}],"line":29}},"s":{"0":1,"1":1,"2":1,"3":0,"4":0,"5":0,"6":0,"7":0,"8":1,"9":0,"10":0,"11":0,"12":0,"13":1,"14":0,"15":0,"16":0,"17":1},"f":{"0":0,"1":0,"2":0,"3":0},"b":{"0":[0,0],"1":[0,0],"2":[0,0],"3":[0,0]},"_coverageSchema":"1a1c01bbd47fc00a2c39e90264f33305004495a9","hash":"f07f6bdce96dab79e6323b621a85dfd3053d89b8"}
,"D:\\UTC\\SR10\\projet-sr10\\Rendu3et4\\routes\\candidate.js": {"path":"D:\\UTC\\SR10\\projet-sr10\\Rendu3et4\\routes\\candidate.js","statementMap":{"0":{"start":{"line":1,"column":16},"end":{"line":1,"column":34}},"1":{"start":{"line":2,"column":15},"end":{"line":2,"column":31}},"2":{"start":{"line":3,"column":18},"end":{"line":3,"column":46}},"3":{"start":{"line":6,"column":0},"end":{"line":18,"column":3}},"4":{"start":{"line":7,"column":2},"end":{"line":17,"column":3}},"5":{"start":{"line":8,"column":21},"end":{"line":10,"column":5}},"6":{"start":{"line":9,"column":6},"end":{"line":9,"column":32}},"7":{"start":{"line":11,"column":4},"end":{"line":14,"column":7}},"8":{"start":{"line":16,"column":4},"end":{"line":16,"column":14}},"9":{"start":{"line":21,"column":0},"end":{"line":39,"column":3}},"10":{"start":{"line":22,"column":14},"end":{"line":22,"column":30}},"11":{"start":{"line":23,"column":2},"end":{"line":38,"column":3}},"12":{"start":{"line":24,"column":22},"end":{"line":26,"column":5}},"13":{"start":{"line":25,"column":6},"end":{"line":25,"column":38}},"14":{"start":{"line":27,"column":21},"end":{"line":29,"column":5}},"15":{"start":{"line":28,"column":6},"end":{"line":28,"column":38}},"16":{"start":{"line":30,"column":4},"end":{"line":30,"column":25}},"17":{"start":{"line":31,"column":4},"end":{"line":35,"column":7}},"18":{"start":{"line":37,"column":4},"end":{"line":37,"column":15}},"19":{"start":{"line":44,"column":0},"end":{"line":44,"column":24}}},"fnMap":{"0":{"name":"(anonymous_0)","decl":{"start":{"line":6,"column":32},"end":{"line":6,"column":33}},"loc":{"start":{"line":6,"column":64},"end":{"line":18,"column":1}},"line":6},"1":{"name":"(anonymous_1)","decl":{"start":{"line":8,"column":39},"end":{"line":8,"column":40}},"loc":{"start":{"line":9,"column":6},"end":{"line":9,"column":32}},"line":9},"2":{"name":"(anonymous_2)","decl":{"start":{"line":21,"column":48},"end":{"line":21,"column":49}},"loc":{"start":{"line":21,"column":79},"end":{"line":39,"column":1}},"line":21},"3":{"name":"(anonymous_3)","decl":{"start":{"line":24,"column":40},"end":{"line":24,"column":41}},"loc":{"start":{"line":25,"column":6},"end":{"line":25,"column":38}},"line":25},"4":{"name":"(anonymous_4)","decl":{"start":{"line":27,"column":39},"end":{"line":27,"column":40}},"loc":{"start":{"line":28,"column":6},"end":{"line":28,"column":38}},"line":28}},"branchMap":{},"s":{"0":1,"1":1,"2":1,"3":1,"4":1,"5":1,"6":1,"7":1,"8":0,"9":1,"10":1,"11":1,"12":1,"13":1,"14":1,"15":1,"16":1,"17":1,"18":0,"19":1},"f":{"0":1,"1":1,"2":1,"3":1,"4":1},"b":{},"_coverageSchema":"1a1c01bbd47fc00a2c39e90264f33305004495a9","hash":"8e02ed0f246c5ab9a2317f78e53ad1e46e76f38a"}
,"D:\\UTC\\SR10\\projet-sr10\\Rendu3et4\\routes\\index.js": {"path":"D:\\UTC\\SR10\\projet-sr10\\Rendu3et4\\routes\\index.js","statementMap":{"0":{"start":{"line":1,"column":14},"end":{"line":1,"column":32}},"1":{"start":{"line":2,"column":13},"end":{"line":2,"column":29}},"2":{"start":{"line":5,"column":0},"end":{"line":7,"column":3}},"3":{"start":{"line":6,"column":2},"end":{"line":6,"column":44}},"4":{"start":{"line":9,"column":0},"end":{"line":9,"column":24}}},"fnMap":{"0":{"name":"(anonymous_0)","decl":{"start":{"line":5,"column":16},"end":{"line":5,"column":17}},"loc":{"start":{"line":5,"column":41},"end":{"line":7,"column":1}},"line":5}},"branchMap":{},"s":{"0":1,"1":1,"2":1,"3":1,"4":1},"f":{"0":1},"b":{},"_coverageSchema":"1a1c01bbd47fc00a2c39e90264f33305004495a9","hash":"a254521976d3fda5d077c49ac5b658789b49057d"}
,"D:\\UTC\\SR10\\projet-sr10\\Rendu3et4\\routes\\recruiter.js": {"path":"D:\\UTC\\SR10\\projet-sr10\\Rendu3et4\\routes\\recruiter.js","statementMap":{"0":{"start":{"line":1,"column":14},"end":{"line":1,"column":32}},"1":{"start":{"line":2,"column":16},"end":{"line":2,"column":50}},"2":{"start":{"line":3,"column":21},"end":{"line":3,"column":52}},"3":{"start":{"line":4,"column":18},"end":{"line":4,"column":46}},"4":{"start":{"line":5,"column":21},"end":{"line":5,"column":52}},"5":{"start":{"line":6,"column":13},"end":{"line":6,"column":29}},"6":{"start":{"line":9,"column":0},"end":{"line":9,"column":75}},"7":{"start":{"line":9,"column":38},"end":{"line":9,"column":71}},"8":{"start":{"line":12,"column":0},"end":{"line":14,"column":3}},"9":{"start":{"line":13,"column":4},"end":{"line":13,"column":75}},"10":{"start":{"line":52,"column":0},"end":{"line":68,"column":3}},"11":{"start":{"line":53,"column":17},"end":{"line":61,"column":5}},"12":{"start":{"line":63,"column":18},"end":{"line":65,"column":5}},"13":{"start":{"line":64,"column":6},"end":{"line":64,"column":32}},"14":{"start":{"line":66,"column":4},"end":{"line":66,"column":51}},"15":{"start":{"line":70,"column":0},"end":{"line":78,"column":3}},"16":{"start":{"line":71,"column":15},"end":{"line":71,"column":56}},"17":{"start":{"line":73,"column":4},"end":{"line":77,"column":7}},"18":{"start":{"line":81,"column":0},"end":{"line":90,"column":3}},"19":{"start":{"line":82,"column":15},"end":{"line":82,"column":59}},"20":{"start":{"line":84,"column":4},"end":{"line":89,"column":7}},"21":{"start":{"line":92,"column":0},"end":{"line":95,"column":3}},"22":{"start":{"line":94,"column":4},"end":{"line":94,"column":84}},"23":{"start":{"line":97,"column":0},"end":{"line":97,"column":24}}},"fnMap":{"0":{"name":"(anonymous_0)","decl":{"start":{"line":9,"column":16},"end":{"line":9,"column":17}},"loc":{"start":{"line":9,"column":36},"end":{"line":9,"column":73}},"line":9},"1":{"name":"(anonymous_1)","decl":{"start":{"line":12,"column":26},"end":{"line":12,"column":27}},"loc":{"start":{"line":12,"column":46},"end":{"line":14,"column":1}},"line":12},"2":{"name":"(anonymous_2)","decl":{"start":{"line":52,"column":26},"end":{"line":52,"column":27}},"loc":{"start":{"line":52,"column":52},"end":{"line":68,"column":1}},"line":52},"3":{"name":"(anonymous_3)","decl":{"start":{"line":63,"column":36},"end":{"line":63,"column":37}},"loc":{"start":{"line":64,"column":6},"end":{"line":64,"column":32}},"line":64},"4":{"name":"(anonymous_4)","decl":{"start":{"line":70,"column":36},"end":{"line":70,"column":37}},"loc":{"start":{"line":70,"column":62},"end":{"line":78,"column":1}},"line":70},"5":{"name":"(anonymous_5)","decl":{"start":{"line":81,"column":40},"end":{"line":81,"column":41}},"loc":{"start":{"line":81,"column":66},"end":{"line":90,"column":1}},"line":81},"6":{"name":"(anonymous_6)","decl":{"start":{"line":92,"column":32},"end":{"line":92,"column":33}},"loc":{"start":{"line":92,"column":52},"end":{"line":95,"column":1}},"line":92}},"branchMap":{},"s":{"0":1,"1":1,"2":1,"3":1,"4":1,"5":1,"6":1,"7":0,"8":1,"9":0,"10":1,"11":1,"12":1,"13":1,"14":1,"15":1,"16":1,"17":1,"18":1,"19":1,"20":1,"21":1,"22":1,"23":1},"f":{"0":0,"1":0,"2":1,"3":1,"4":1,"5":1,"6":1},"b":{},"_coverageSchema":"1a1c01bbd47fc00a2c39e90264f33305004495a9","hash":"c5664c40a2e19e9fb8990640a0b044a848c65733"}
,"D:\\UTC\\SR10\\projet-sr10\\Rendu3et4\\routes\\users.js": {"path":"D:\\UTC\\SR10\\projet-sr10\\Rendu3et4\\routes\\users.js","statementMap":{"0":{"start":{"line":1,"column":16},"end":{"line":1,"column":34}},"1":{"start":{"line":2,"column":15},"end":{"line":2,"column":31}},"2":{"start":{"line":3,"column":18},"end":{"line":3,"column":49}},"3":{"start":{"line":6,"column":0},"end":{"line":34,"column":3}},"4":{"start":{"line":7,"column":2},"end":{"line":33,"column":3}},"5":{"start":{"line":9,"column":21},"end":{"line":14,"column":5}},"6":{"start":{"line":10,"column":6},"end":{"line":13,"column":8}},"7":{"start":{"line":11,"column":8},"end":{"line":11,"column":36}},"8":{"start":{"line":11,"column":17},"end":{"line":11,"column":36}},"9":{"start":{"line":12,"column":8},"end":{"line":12,"column":25}},"10":{"start":{"line":17,"column":19},"end":{"line":22,"column":5}},"11":{"start":{"line":18,"column":6},"end":{"line":21,"column":8}},"12":{"start":{"line":19,"column":8},"end":{"line":19,"column":36}},"13":{"start":{"line":19,"column":17},"end":{"line":19,"column":36}},"14":{"start":{"line":20,"column":8},"end":{"line":20,"column":25}},"15":{"start":{"line":24,"column":4},"end":{"line":24,"column":24}},"16":{"start":{"line":26,"column":4},"end":{"line":30,"column":7}},"17":{"start":{"line":32,"column":4},"end":{"line":32,"column":14}},"18":{"start":{"line":37,"column":0},"end":{"line":65,"column":3}},"19":{"start":{"line":38,"column":2},"end":{"line":64,"column":3}},"20":{"start":{"line":40,"column":19},"end":{"line":45,"column":6}},"21":{"start":{"line":41,"column":6},"end":{"line":44,"column":9}},"22":{"start":{"line":42,"column":8},"end":{"line":42,"column":36}},"23":{"start":{"line":42,"column":17},"end":{"line":42,"column":36}},"24":{"start":{"line":43,"column":8},"end":{"line":43,"column":25}},"25":{"start":{"line":48,"column":4},"end":{"line":53,"column":5}},"26":{"start":{"line":49,"column":6},"end":{"line":52,"column":9}},"27":{"start":{"line":56,"column":4},"end":{"line":59,"column":7}},"28":{"start":{"line":62,"column":4},"end":{"line":62,"column":23}},"29":{"start":{"line":63,"column":4},"end":{"line":63,"column":14}},"30":{"start":{"line":68,"column":0},"end":{"line":70,"column":3}},"31":{"start":{"line":69,"column":2},"end":{"line":69,"column":29}},"32":{"start":{"line":73,"column":0},"end":{"line":90,"column":3}},"33":{"start":{"line":74,"column":2},"end":{"line":89,"column":5}},"34":{"start":{"line":76,"column":21},"end":{"line":76,"column":41}},"35":{"start":{"line":77,"column":21},"end":{"line":77,"column":33}},"36":{"start":{"line":78,"column":21},"end":{"line":78,"column":36}},"37":{"start":{"line":79,"column":21},"end":{"line":79,"column":33}},"38":{"start":{"line":80,"column":21},"end":{"line":80,"column":33}},"39":{"start":{"line":81,"column":16},"end":{"line":81,"column":26}},"40":{"start":{"line":82,"column":21},"end":{"line":82,"column":52}},"41":{"start":{"line":83,"column":23},"end":{"line":83,"column":30}},"42":{"start":{"line":85,"column":6},"end":{"line":85,"column":94}},"43":{"start":{"line":86,"column":6},"end":{"line":86,"column":52}},"44":{"start":{"line":88,"column":6},"end":{"line":88,"column":17}},"45":{"start":{"line":92,"column":0},"end":{"line":92,"column":24}}},"fnMap":{"0":{"name":"(anonymous_0)","decl":{"start":{"line":6,"column":25},"end":{"line":6,"column":26}},"loc":{"start":{"line":6,"column":57},"end":{"line":34,"column":1}},"line":6},"1":{"name":"(anonymous_1)","decl":{"start":{"line":9,"column":39},"end":{"line":9,"column":40}},"loc":{"start":{"line":10,"column":6},"end":{"line":13,"column":8}},"line":10},"2":{"name":"(anonymous_2)","decl":{"start":{"line":10,"column":24},"end":{"line":10,"column":25}},"loc":{"start":{"line":10,"column":42},"end":{"line":13,"column":7}},"line":10},"3":{"name":"(anonymous_3)","decl":{"start":{"line":17,"column":37},"end":{"line":17,"column":38}},"loc":{"start":{"line":18,"column":6},"end":{"line":21,"column":8}},"line":18},"4":{"name":"(anonymous_4)","decl":{"start":{"line":18,"column":29},"end":{"line":18,"column":30}},"loc":{"start":{"line":18,"column":47},"end":{"line":21,"column":7}},"line":18},"5":{"name":"(anonymous_5)","decl":{"start":{"line":37,"column":20},"end":{"line":37,"column":21}},"loc":{"start":{"line":37,"column":52},"end":{"line":65,"column":1}},"line":37},"6":{"name":"(anonymous_6)","decl":{"start":{"line":40,"column":37},"end":{"line":40,"column":38}},"loc":{"start":{"line":40,"column":58},"end":{"line":45,"column":5}},"line":40},"7":{"name":"(anonymous_7)","decl":{"start":{"line":41,"column":29},"end":{"line":41,"column":30}},"loc":{"start":{"line":41,"column":47},"end":{"line":44,"column":7}},"line":41},"8":{"name":"(anonymous_8)","decl":{"start":{"line":68,"column":23},"end":{"line":68,"column":24}},"loc":{"start":{"line":68,"column":45},"end":{"line":70,"column":1}},"line":68},"9":{"name":"(anonymous_9)","decl":{"start":{"line":73,"column":20},"end":{"line":73,"column":21}},"loc":{"start":{"line":73,"column":48},"end":{"line":90,"column":1}},"line":73}},"branchMap":{"0":{"loc":{"start":{"line":11,"column":8},"end":{"line":11,"column":36}},"type":"if","locations":[{"start":{"line":11,"column":8},"end":{"line":11,"column":36}},{"start":{},"end":{}}],"line":11},"1":{"loc":{"start":{"line":19,"column":8},"end":{"line":19,"column":36}},"type":"if","locations":[{"start":{"line":19,"column":8},"end":{"line":19,"column":36}},{"start":{},"end":{}}],"line":19},"2":{"loc":{"start":{"line":42,"column":8},"end":{"line":42,"column":36}},"type":"if","locations":[{"start":{"line":42,"column":8},"end":{"line":42,"column":36}},{"start":{},"end":{}}],"line":42},"3":{"loc":{"start":{"line":48,"column":4},"end":{"line":53,"column":5}},"type":"if","locations":[{"start":{"line":48,"column":4},"end":{"line":53,"column":5}},{"start":{},"end":{}}],"line":48},"4":{"loc":{"start":{"line":48,"column":8},"end":{"line":48,"column":38}},"type":"binary-expr","locations":[{"start":{"line":48,"column":8},"end":{"line":48,"column":15}},{"start":{"line":48,"column":19},"end":{"line":48,"column":38}}],"line":48}},"s":{"0":1,"1":1,"2":1,"3":1,"4":1,"5":1,"6":1,"7":1,"8":0,"9":1,"10":1,"11":1,"12":1,"13":0,"14":1,"15":1,"16":1,"17":0,"18":1,"19":1,"20":1,"21":1,"22":1,"23":0,"24":1,"25":1,"26":0,"27":1,"28":0,"29":0,"30":1,"31":1,"32":1,"33":0,"34":0,"35":0,"36":0,"37":0,"38":0,"39":0,"40":0,"41":0,"42":0,"43":0,"44":0,"45":1},"f":{"0":1,"1":1,"2":1,"3":1,"4":1,"5":1,"6":1,"7":1,"8":1,"9":0},"b":{"0":[0,1],"1":[0,1],"2":[0,1],"3":[0,1],"4":[1,1]},"_coverageSchema":"1a1c01bbd47fc00a2c39e90264f33305004495a9","hash":"df1d74ddbc3b350913b6ed890c9a55a6a6cab5ed"}
}
