TN:
SF:app.js
FN:43,(anonymous_0)
FN:48,(anonymous_1)
FNF:2
FNH:0
FNDA:0,(anonymous_0)
FNDA:0,(anonymous_1)
DA:1,1
DA:2,1
DA:3,1
DA:4,1
DA:5,1
DA:6,1
DA:8,1
DA:9,1
DA:10,1
DA:11,1
DA:12,1
DA:13,1
DA:15,1
DA:18,1
DA:19,1
DA:21,1
DA:22,1
DA:23,1
DA:24,1
DA:25,1
DA:26,1
DA:33,1
DA:34,1
DA:35,1
DA:38,1
DA:39,1
DA:40,1
DA:43,1
DA:44,0
DA:48,1
DA:50,0
DA:51,0
DA:54,0
DA:55,0
DA:58,1
LF:35
LH:30
BRDA:51,0,0,0
BRDA:51,0,1,0
BRDA:54,1,0,0
BRDA:54,1,1,0
BRF:4
BRH:0
end_of_record
TN:
SF:model\administrateur.js
FN:5,(anonymous_0)
FN:6,(anonymous_1)
FN:12,(anonymous_2)
FN:13,(anonymous_3)
FNF:4
FNH:4
FNDA:1,(anonymous_0)
FNDA:1,(anonymous_1)
FNDA:1,(anonymous_2)
FNDA:1,(anonymous_3)
DA:1,1
DA:3,1
DA:6,1
DA:7,1
DA:8,1
DA:13,1
DA:14,1
DA:15,1
LF:8
LH:8
BRDA:7,0,0,0
BRDA:7,0,1,1
BRDA:14,1,0,0
BRDA:14,1,1,1
BRF:4
BRH:2
end_of_record
TN:
SF:model\candidat.js
FN:4,(anonymous_0)
FN:5,(anonymous_1)
FN:11,(anonymous_2)
FN:12,(anonymous_3)
FN:19,(anonymous_4)
FN:20,(anonymous_5)
FN:27,(anonymous_6)
FN:28,(anonymous_7)
FN:35,(anonymous_8)
FN:36,(anonymous_9)
FNF:10
FNH:6
FNDA:1,(anonymous_0)
FNDA:1,(anonymous_1)
FNDA:1,(anonymous_2)
FNDA:1,(anonymous_3)
FNDA:1,(anonymous_4)
FNDA:1,(anonymous_5)
FNDA:0,(anonymous_6)
FNDA:0,(anonymous_7)
FNDA:0,(anonymous_8)
FNDA:0,(anonymous_9)
DA:1,1
DA:3,1
DA:5,1
DA:6,1
DA:7,1
DA:12,1
DA:13,1
DA:14,1
DA:20,1
DA:21,1
DA:22,1
DA:28,0
DA:29,0
DA:30,0
DA:36,0
DA:37,0
DA:38,0
LF:17
LH:11
BRDA:6,0,0,0
BRDA:6,0,1,1
BRDA:13,1,0,0
BRDA:13,1,1,1
BRDA:21,2,0,0
BRDA:21,2,1,1
BRDA:29,3,0,0
BRDA:29,3,1,0
BRDA:37,4,0,0
BRDA:37,4,1,0
BRF:10
BRH:3
end_of_record
TN:
SF:model\db.js
FNF:0
FNH:0
DA:2,2
DA:4,2
DA:11,2
LF:3
LH:3
BRF:0
BRH:0
end_of_record
TN:
SF:model\offer.js
FN:3,read
FN:4,(anonymous_1)
FN:5,(anonymous_2)
FN:13,readAll
FN:14,(anonymous_4)
FN:15,(anonymous_5)
FN:22,readAllWithSearch
FN:31,(anonymous_7)
FN:32,(anonymous_8)
FN:39,readAllFromOrganisationWithSearch
FN:49,(anonymous_10)
FN:50,(anonymous_11)
FN:57,createOffer
FN:70,(anonymous_13)
FN:71,(anonymous_14)
FN:78,setOfferState
FN:79,(anonymous_16)
FN:80,(anonymous_17)
FN:87,editOffer
FN:100,(anonymous_19)
FN:101,(anonymous_20)
FN:108,deleteOffer
FN:109,(anonymous_22)
FN:110,(anonymous_23)
FNF:24
FNH:3
FNDA:1,read
FNDA:1,(anonymous_1)
FNDA:1,(anonymous_2)
FNDA:0,readAll
FNDA:0,(anonymous_4)
FNDA:0,(anonymous_5)
FNDA:0,readAllWithSearch
FNDA:0,(anonymous_7)
FNDA:0,(anonymous_8)
FNDA:0,readAllFromOrganisationWithSearch
FNDA:0,(anonymous_10)
FNDA:0,(anonymous_11)
FNDA:0,createOffer
FNDA:0,(anonymous_13)
FNDA:0,(anonymous_14)
FNDA:0,setOfferState
FNDA:0,(anonymous_16)
FNDA:0,(anonymous_17)
FNDA:0,editOffer
FNDA:0,(anonymous_19)
FNDA:0,(anonymous_20)
FNDA:0,deleteOffer
FNDA:0,(anonymous_22)
FNDA:0,(anonymous_23)
DA:1,1
DA:4,1
DA:5,1
DA:6,1
DA:8,1
DA:14,0
DA:15,0
DA:16,0
DA:17,0
DA:23,0
DA:31,0
DA:32,0
DA:33,0
DA:34,0
DA:40,0
DA:49,0
DA:50,0
DA:51,0
DA:52,0
DA:58,0
DA:70,0
DA:71,0
DA:72,0
DA:73,0
DA:79,0
DA:80,0
DA:81,0
DA:82,0
DA:88,0
DA:100,0
DA:101,0
DA:102,0
DA:103,0
DA:109,0
DA:110,0
DA:111,0
DA:112,0
DA:117,1
LF:38
LH:6
BRDA:6,0,0,0
BRDA:6,0,1,1
BRDA:16,1,0,0
BRDA:16,1,1,0
BRDA:33,2,0,0
BRDA:33,2,1,0
BRDA:51,3,0,0
BRDA:51,3,1,0
BRDA:72,4,0,0
BRDA:72,4,1,0
BRDA:81,5,0,0
BRDA:81,5,1,0
BRDA:102,6,0,0
BRDA:102,6,1,0
BRDA:111,7,0,0
BRDA:111,7,1,0
BRF:16
BRH:1
end_of_record
TN:
SF:model\postFile.js
FN:3,read
FN:4,(anonymous_1)
FN:5,(anonymous_2)
FN:13,createPostFile
FN:20,(anonymous_4)
FN:21,(anonymous_5)
FN:28,deletePostFile
FN:29,(anonymous_7)
FN:30,(anonymous_8)
FNF:9
FNH:3
FNDA:1,read
FNDA:1,(anonymous_1)
FNDA:1,(anonymous_2)
FNDA:0,createPostFile
FNDA:0,(anonymous_4)
FNDA:0,(anonymous_5)
FNDA:0,deletePostFile
FNDA:0,(anonymous_7)
FNDA:0,(anonymous_8)
DA:1,1
DA:4,1
DA:5,1
DA:6,1
DA:8,1
DA:14,0
DA:20,0
DA:21,0
DA:22,0
DA:23,0
DA:29,0
DA:30,0
DA:31,0
DA:32,0
DA:37,1
LF:15
LH:6
BRDA:6,0,0,0
BRDA:6,0,1,1
BRDA:22,1,0,0
BRDA:22,1,1,0
BRDA:31,2,0,0
BRDA:31,2,1,0
BRF:6
BRH:1
end_of_record
TN:
SF:model\proposal.js
FN:3,read
FN:4,(anonymous_1)
FN:5,(anonymous_2)
FN:14,createProposal
FN:17,(anonymous_4)
FN:18,(anonymous_5)
FN:25,deleteProposal
FN:26,(anonymous_7)
FN:27,(anonymous_8)
FNF:9
FNH:0
FNDA:0,read
FNDA:0,(anonymous_1)
FNDA:0,(anonymous_2)
FNDA:0,createProposal
FNDA:0,(anonymous_4)
FNDA:0,(anonymous_5)
FNDA:0,deleteProposal
FNDA:0,(anonymous_7)
FNDA:0,(anonymous_8)
DA:1,1
DA:4,0
DA:5,0
DA:6,0
DA:7,0
DA:8,0
DA:15,0
DA:17,0
DA:18,0
DA:19,0
DA:20,0
DA:26,0
DA:27,0
DA:28,0
DA:29,0
DA:34,1
LF:16
LH:2
BRDA:6,0,0,0
BRDA:6,0,1,0
BRDA:7,1,0,0
BRDA:7,1,1,0
BRDA:19,2,0,0
BRDA:19,2,1,0
BRDA:28,3,0,0
BRDA:28,3,1,0
BRF:8
BRH:0
end_of_record
TN:
SF:model\utilisateur.js
FN:5,(anonymous_0)
FN:6,(anonymous_1)
FN:12,(anonymous_2)
FN:13,(anonymous_3)
FN:19,(anonymous_4)
FN:20,(anonymous_5)
FN:36,(anonymous_6)
FN:39,(anonymous_7)
FNF:8
FNH:8
FNDA:4,(anonymous_0)
FNDA:2,(anonymous_1)
FNDA:4,(anonymous_2)
FNDA:4,(anonymous_3)
FNDA:3,(anonymous_4)
FNDA:3,(anonymous_5)
FNDA:1,(anonymous_6)
FNDA:1,(anonymous_7)
DA:1,2
DA:3,2
DA:6,4
DA:7,2
DA:8,2
DA:13,4
DA:14,4
DA:15,3
DA:20,3
DA:21,3
DA:23,1
DA:26,2
DA:28,1
DA:31,1
DA:37,1
DA:40,1
DA:41,0
LF:17
LH:16
BRDA:7,0,0,0
BRDA:7,0,1,2
BRDA:14,1,0,1
BRDA:14,1,1,3
BRDA:21,2,0,1
BRDA:21,2,1,2
BRDA:26,3,0,1
BRDA:26,3,1,1
BRDA:26,4,0,2
BRDA:26,4,1,2
BRDA:40,5,0,1
BRDA:40,5,1,0
BRF:12
BRH:10
end_of_record
TN:
SF:routes\administrator.js
FN:6,(anonymous_0)
FN:8,(anonymous_1)
FN:21,(anonymous_2)
FN:25,(anonymous_3)
FNF:4
FNH:4
FNDA:1,(anonymous_0)
FNDA:1,(anonymous_1)
FNDA:1,(anonymous_2)
FNDA:1,(anonymous_3)
DA:1,1
DA:2,1
DA:3,1
DA:6,1
DA:7,1
DA:8,1
DA:9,1
DA:11,1
DA:16,0
DA:21,1
DA:22,1
DA:23,1
DA:24,1
DA:25,1
DA:26,1
DA:28,1
DA:35,0
DA:39,1
LF:18
LH:16
BRF:0
BRH:0
end_of_record
TN:
SF:routes\auth.js
FN:5,(anonymous_0)
FN:18,(anonymous_1)
FN:19,(anonymous_2)
FN:28,(anonymous_3)
FNF:4
FNH:0
FNDA:0,(anonymous_0)
FNDA:0,(anonymous_1)
FNDA:0,(anonymous_2)
FNDA:0,(anonymous_3)
DA:1,1
DA:2,1
DA:5,1
DA:7,0
DA:9,0
DA:11,0
DA:12,0
DA:14,0
DA:18,1
DA:19,0
DA:20,0
DA:21,0
DA:23,0
DA:28,1
DA:29,0
DA:30,0
DA:32,0
DA:36,1
LF:18
LH:6
BRDA:7,0,0,0
BRDA:7,0,1,0
BRDA:7,1,0,0
BRDA:7,1,1,0
BRDA:20,2,0,0
BRDA:20,2,1,0
BRDA:29,3,0,0
BRDA:29,3,1,0
BRF:8
BRH:0
end_of_record
TN:
SF:routes\candidate.js
FN:6,(anonymous_0)
FN:8,(anonymous_1)
FN:21,(anonymous_2)
FN:24,(anonymous_3)
FN:27,(anonymous_4)
FNF:5
FNH:5
FNDA:1,(anonymous_0)
FNDA:1,(anonymous_1)
FNDA:1,(anonymous_2)
FNDA:1,(anonymous_3)
FNDA:1,(anonymous_4)
DA:1,1
DA:2,1
DA:3,1
DA:6,1
DA:7,1
DA:8,1
DA:9,1
DA:11,1
DA:16,0
DA:21,1
DA:22,1
DA:23,1
DA:24,1
DA:25,1
DA:27,1
DA:28,1
DA:30,1
DA:31,1
DA:37,0
DA:44,1
LF:20
LH:18
BRF:0
BRH:0
end_of_record
TN:
SF:routes\index.js
FN:5,(anonymous_0)
FNF:1
FNH:1
FNDA:1,(anonymous_0)
DA:1,1
DA:2,1
DA:5,1
DA:6,1
DA:9,1
LF:5
LH:5
BRF:0
BRH:0
end_of_record
TN:
SF:routes\recruiter.js
FN:9,(anonymous_0)
FN:12,(anonymous_1)
FN:52,(anonymous_2)
FN:63,(anonymous_3)
FN:70,(anonymous_4)
FN:81,(anonymous_5)
FN:92,(anonymous_6)
FNF:7
FNH:5
FNDA:0,(anonymous_0)
FNDA:0,(anonymous_1)
FNDA:1,(anonymous_2)
FNDA:1,(anonymous_3)
FNDA:1,(anonymous_4)
FNDA:1,(anonymous_5)
FNDA:1,(anonymous_6)
DA:1,1
DA:2,1
DA:3,1
DA:4,1
DA:5,1
DA:6,1
DA:9,1
DA:12,1
DA:13,0
DA:52,1
DA:53,1
DA:63,1
DA:64,1
DA:66,1
DA:70,1
DA:71,1
DA:73,1
DA:81,1
DA:82,1
DA:84,1
DA:92,1
DA:94,1
DA:97,1
LF:23
LH:22
BRF:0
BRH:0
end_of_record
TN:
SF:routes\users.js
FN:6,(anonymous_0)
FN:9,(anonymous_1)
FN:10,(anonymous_2)
FN:17,(anonymous_3)
FN:18,(anonymous_4)
FN:37,(anonymous_5)
FN:40,(anonymous_6)
FN:41,(anonymous_7)
FN:68,(anonymous_8)
FN:73,(anonymous_9)
FNF:10
FNH:9
FNDA:1,(anonymous_0)
FNDA:1,(anonymous_1)
FNDA:1,(anonymous_2)
FNDA:1,(anonymous_3)
FNDA:1,(anonymous_4)
FNDA:1,(anonymous_5)
FNDA:1,(anonymous_6)
FNDA:1,(anonymous_7)
FNDA:1,(anonymous_8)
FNDA:0,(anonymous_9)
DA:1,1
DA:2,1
DA:3,1
DA:6,1
DA:7,1
DA:9,1
DA:10,1
DA:11,1
DA:12,1
DA:17,1
DA:18,1
DA:19,1
DA:20,1
DA:24,1
DA:26,1
DA:32,0
DA:37,1
DA:38,1
DA:40,1
DA:41,1
DA:42,1
DA:43,1
DA:48,1
DA:49,0
DA:56,1
DA:62,0
DA:63,0
DA:68,1
DA:69,1
DA:73,1
DA:74,0
DA:76,0
DA:77,0
DA:78,0
DA:79,0
DA:80,0
DA:81,0
DA:82,0
DA:83,0
DA:85,0
DA:86,0
DA:88,0
DA:92,1
LF:43
LH:27
BRDA:11,0,0,0
BRDA:11,0,1,1
BRDA:19,1,0,0
BRDA:19,1,1,1
BRDA:42,2,0,0
BRDA:42,2,1,1
BRDA:48,3,0,0
BRDA:48,3,1,1
BRDA:48,4,0,1
BRDA:48,4,1,1
BRF:10
BRH:6
end_of_record
